<?xml version="1.0" encoding="UTF-8"?>
<!-- Generated by org.testng.reporters.JUnitReportReporter -->
<testsuite hostname="PsYcHoDrOid" failures="0" tests="12" name="com.homepagetestcases.HomePageTestCases" time="12.172" errors="0" timestamp="2023-02-18T10:54:30 IST" skipped="0">
  <testcase classname="com.homepagetestcases.HomePageTestCases" name="ClickSignupButton" time="0.201"/>
  <system-out/>
  <testcase classname="com.homepagetestcases.HomePageTestCases" name="signup" time="2.476"/>
  <system-out/>
  <testcase classname="com.homepagetestcases.HomePageTestCases" name="ClickSCloseButton" time="0.237"/>
  <system-out/>
  <testcase classname="com.homepagetestcases.HomePageTestCases" name="loginClick" time="0.334"/>
  <system-out/>
  <testcase classname="com.homepagetestcases.HomePageTestCases" name="Login" time="2.303"/>
  <system-out/>
  <testcase classname="com.homepagetestcases.HomePageTestCases" name="ClickLCloseButton" time="0.196"/>
  <system-out/>
  <testcase classname="com.homepagetestcases.HomePageTestCases" name="AboutUs" time="0.325"/>
  <system-out/>
  <testcase classname="com.homepagetestcases.HomePageTestCases" name="CloseAboutUs" time="0.680"/>
  <system-out/>
  <testcase classname="com.homepagetestcases.HomePageTestCases" name="Contact" time="1.523"/>
  <system-out/>
  <testcase classname="com.homepagetestcases.HomePageTestCases" name="Sendmessage" time="0.113"/>
  <system-out/>
  <testcase classname="com.homepagetestcases.HomePageTestCases" name="ClickCart" time="3.377"/>
  <system-out/>
  <testcase classname="com.homepagetestcases.HomePageTestCases" name="Home" time="0.407"/>
  <system-out/>
</testsuite> <!-- com.homepagetestcases.HomePageTestCases -->
