<?xml version="1.0" encoding="UTF-8"?>
<!-- Generated by org.testng.reporters.JUnitReportReporter -->
<testsuite hostname="DESKTOP-R8SHTIK" failures="0" tests="2" name="com.test.LogInTestCases" time="8.181" errors="0" timestamp="2023-02-14T19:15:27 IST" skipped="0">
  <testcase classname="com.test.LogInTestCases" name="clickOnLoginButton" time="2.370"/>
  <system-out/>
  <testcase classname="com.test.LogInTestCases" name="userNameVerification" time="5.811"/>
  <system-out/>
</testsuite> <!-- com.test.LogInTestCases -->
