<?xml version="1.0" encoding="UTF-8"?>
<!-- Generated by org.testng.reporters.JUnitReportReporter -->
<testsuite hostname="DESKTOP-R8SHTIK" failures="0" tests="2" name="com.test.ProductTestCases" time="5.550" errors="0" timestamp="2023-02-14T19:15:27 IST" skipped="0">
  <testcase classname="com.test.ProductTestCases" name="verifyProductAccess" time="3.950"/>
  <system-out/>
  <testcase classname="com.test.ProductTestCases" name="checkAddToCart" time="1.600"/>
  <system-out/>
</testsuite> <!-- com.test.ProductTestCases -->
