<?xml version="1.0" encoding="UTF-8"?>
<!-- Generated by org.testng.reporters.JUnitReportReporter -->
<testsuite hostname="DESKTOP-R8SHTIK" failures="0" tests="4" name="com.test.CartTestCases" time="3.667" errors="0" timestamp="2023-02-14T19:15:27 IST" skipped="2">
  <testcase classname="com.test.CartTestCases" name="verifyCartAccess" time="2.889"/>
  <system-out/>
  <testcase classname="com.test.CartTestCases" name="verifyAddedProducts" time="0.778"/>
  <system-out/>
  <testcase classname="com.test.CartTestCases" name="valiadateTotalProductPrice">
    <skipped/>
  </testcase> <!-- valiadateTotalProductPrice -->
  <system-out/>
  <testcase classname="com.test.CartTestCases" name="verifyDeleteProduct">
    <skipped/>
  </testcase> <!-- verifyDeleteProduct -->
  <system-out/>
</testsuite> <!-- com.test.CartTestCases -->
