<?xml version="1.0" encoding="UTF-8"?>
<!-- Generated by org.testng.reporters.JUnitReportReporter -->
<testsuite hostname="MR-WICK1" failures="0" tests="20" name="com.test.HomePageTestCases" time="41.379" errors="0" timestamp="2023-02-22T13:37:34 IST" skipped="0">
  <testcase classname="com.test.HomePageTestCases" name="URL" time="0.191"/>
  <system-out/>
  <testcase classname="com.test.HomePageTestCases" name="signUp" time="2.127"/>
  <system-out/>
  <testcase classname="com.test.HomePageTestCases" name="login" time="3.911"/>
  <system-out/>
  <testcase classname="com.test.HomePageTestCases" name="loginWithInvalidPassword" time="1.695"/>
  <system-out/>
  <testcase classname="com.test.HomePageTestCases" name="loginWithInvalidUserName" time="2.333"/>
  <system-out/>
  <testcase classname="com.test.HomePageTestCases" name="loginWithInvalidUserNameandInvalidPassword" time="2.514"/>
  <system-out/>
  <testcase classname="com.test.HomePageTestCases" name="contact" time="1.020"/>
  <system-out/>
  <testcase classname="com.test.HomePageTestCases" name="contactValidData" time="1.232"/>
  <system-out/>
  <testcase classname="com.test.HomePageTestCases" name="lenthOfMessage" time="2.924"/>
  <system-out/>
  <testcase classname="com.test.HomePageTestCases" name="home" time="4.281"/>
  <system-out/>
  <testcase classname="com.test.HomePageTestCases" name="cart" time="1.145"/>
  <system-out/>
  <testcase classname="com.test.HomePageTestCases" name="delectButton" time="1.756"/>
  <system-out/>
  <testcase classname="com.test.HomePageTestCases" name="home2" time="4.291"/>
  <system-out/>
  <testcase classname="com.test.HomePageTestCases" name="cart2" time="4.422"/>
  <system-out/>
  <testcase classname="com.test.HomePageTestCases" name="cart3" time="4.081"/>
  <system-out/>
  <testcase classname="com.test.HomePageTestCases" name="aboutAs" time="0.819"/>
  <system-out/>
  <testcase classname="com.test.HomePageTestCases" name="aboutAs1" time="1.215"/>
  <system-out/>
  <testcase classname="com.test.HomePageTestCases" name="fullScreenVideo" time="1.173"/>
  <system-out/>
  <testcase classname="com.test.HomePageTestCases" name="playButton" time="0.174"/>
  <system-out/>
  <testcase classname="com.test.HomePageTestCases" name="aboutUsCloseButton" time="0.075"/>
  <system-out/>
</testsuite> <!-- com.test.HomePageTestCases -->
